#-----------------------------------------------------------
# Vivado v2015.4 (64-bit)
# SW Build 1412921 on Wed Nov 18 09:43:45 MST 2015
# IP Build 1412160 on Tue Nov 17 13:47:24 MST 2015
# Start of session at: Sun Apr 10 17:44:48 2016
# Process ID: 9792
# Current directory: C:/Users/Chuong/Documents/Verilog/Decoder
# Command line: vivado.exe -gui_launcher_event rodinguilauncherevent4888 C:\Users\Chuong\Documents\Verilog\Decoder\Decoder.xpr
# Log file: C:/Users/Chuong/Documents/Verilog/Decoder/vivado.log
# Journal file: C:/Users/Chuong/Documents/Verilog/Decoder\vivado.jou
#-----------------------------------------------------------
start_gui
open_project C:/Users/Chuong/Documents/Verilog/Decoder/Decoder.xpr
INFO: [Project 1-313] Project file moved from 'C:/Users/Chuong/Documents/Decoder' since last save.
Scanning sources...
Finished scanning sources
INFO: [IP_Flow 19-234] Refreshing IP repositories
INFO: [IP_Flow 19-1704] No user IP repositories specified
INFO: [IP_Flow 19-2313] Loaded Vivado IP repository 'C:/Xilinx/Vivado/2015.4/data/ip'.
open_project: Time (s): cpu = 00:00:14 ; elapsed = 00:00:07 . Memory (MB): peak = 713.090 ; gain = 150.992
exit
INFO: [Common 17-206] Exiting Vivado at Sun Apr 10 17:45:27 2016...
